<?xml version="1.0" encoding="UTF-8"?>
<testsuite xmlns:xsi="http://www.w3.org/2001/XMLSchema-instance" xsi:noNamespaceSchemaLocation="https://maven.apache.org/surefire/maven-surefire-plugin/xsd/surefire-test-report-3.0.xsd" version="3.0" name="com.microsoft.lst_bench.common.LSTBenchmarkExecutorTest" time="1.967" tests="3" errors="0" skipped="0" failures="0">
  <properties>
    <property name="java.specification.version" value="17"/>
    <property name="sun.jnu.encoding" value="UTF-8"/>
    <property name="java.class.path" value="/Users/cathrine/Workspace/thesis/thesis/server/resources/repos/microsoft/lst-bench/target/test-classes:/Users/cathrine/Workspace/thesis/thesis/server/resources/repos/microsoft/lst-bench/target/classes:/Users/cathrine/.m2/repository/org/apache/commons/commons-text/1.11.0/commons-text-1.11.0.jar:/Users/cathrine/.m2/repository/org/apache/commons/commons-lang3/3.14.0/commons-lang3-3.14.0.jar:/Users/cathrine/.m2/repository/commons-cli/commons-cli/1.6.0/commons-cli-1.6.0.jar:/Users/cathrine/.m2/repository/commons-io/commons-io/2.15.1/commons-io-2.15.1.jar:/Users/cathrine/.m2/repository/org/immutables/value/2.10.1/value-2.10.1.jar:/Users/cathrine/.m2/repository/org/apache/spark/spark-sql_2.12/3.3.2/spark-sql_2.12-3.3.2.jar:/Users/cathrine/.m2/repository/org/rocksdb/rocksdbjni/6.20.3/rocksdbjni-6.20.3.jar:/Users/cathrine/.m2/repository/com/univocity/univocity-parsers/2.9.1/univocity-parsers-2.9.1.jar:/Users/cathrine/.m2/repository/org/apache/spark/spark-sketch_2.12/3.3.2/spark-sketch_2.12-3.3.2.jar:/Users/cathrine/.m2/repository/org/apache/spark/spark-core_2.12/3.3.2/spark-core_2.12-3.3.2.jar:/Users/cathrine/.m2/repository/org/apache/avro/avro/1.11.0/avro-1.11.0.jar:/Users/cathrine/.m2/repository/org/apache/commons/commons-compress/1.21/commons-compress-1.21.jar:/Users/cathrine/.m2/repository/org/apache/avro/avro-mapred/1.11.0/avro-mapred-1.11.0.jar:/Users/cathrine/.m2/repository/org/apache/avro/avro-ipc/1.11.0/avro-ipc-1.11.0.jar:/Users/cathrine/.m2/repository/org/tukaani/xz/1.9/xz-1.9.jar:/Users/cathrine/.m2/repository/com/twitter/chill_2.12/0.10.0/chill_2.12-0.10.0.jar:/Users/cathrine/.m2/repository/com/esotericsoftware/kryo-shaded/4.0.2/kryo-shaded-4.0.2.jar:/Users/cathrine/.m2/repository/com/esotericsoftware/minlog/1.3.0/minlog-1.3.0.jar:/Users/cathrine/.m2/repository/com/twitter/chill-java/0.10.0/chill-java-0.10.0.jar:/Users/cathrine/.m2/repository/org/apache/hadoop/hadoop-client-api/3.3.2/hadoop-client-api-3.3.2.jar:/Users/cathrine/.m2/repository/org/apache/hadoop/hadoop-client-runtime/3.3.2/hadoop-client-runtime-3.3.2.jar:/Users/cathrine/.m2/repository/commons-logging/commons-logging/1.1.3/commons-logging-1.1.3.jar:/Users/cathrine/.m2/repository/org/apache/spark/spark-launcher_2.12/3.3.2/spark-launcher_2.12-3.3.2.jar:/Users/cathrine/.m2/repository/org/apache/spark/spark-kvstore_2.12/3.3.2/spark-kvstore_2.12-3.3.2.jar:/Users/cathrine/.m2/repository/org/fusesource/leveldbjni/leveldbjni-all/1.8/leveldbjni-all-1.8.jar:/Users/cathrine/.m2/repository/org/apache/spark/spark-network-common_2.12/3.3.2/spark-network-common_2.12-3.3.2.jar:/Users/cathrine/.m2/repository/com/google/crypto/tink/tink/1.6.1/tink-1.6.1.jar:/Users/cathrine/.m2/repository/com/google/code/gson/gson/2.8.6/gson-2.8.6.jar:/Users/cathrine/.m2/repository/org/apache/spark/spark-network-shuffle_2.12/3.3.2/spark-network-shuffle_2.12-3.3.2.jar:/Users/cathrine/.m2/repository/org/apache/spark/spark-unsafe_2.12/3.3.2/spark-unsafe_2.12-3.3.2.jar:/Users/cathrine/.m2/repository/javax/activation/activation/1.1.1/activation-1.1.1.jar:/Users/cathrine/.m2/repository/org/apache/curator/curator-recipes/2.13.0/curator-recipes-2.13.0.jar:/Users/cathrine/.m2/repository/org/apache/curator/curator-framework/2.13.0/curator-framework-2.13.0.jar:/Users/cathrine/.m2/repository/org/apache/curator/curator-client/2.13.0/curator-client-2.13.0.jar:/Users/cathrine/.m2/repository/com/google/guava/guava/16.0.1/guava-16.0.1.jar:/Users/cathrine/.m2/repository/org/apache/zookeeper/zookeeper/3.6.2/zookeeper-3.6.2.jar:/Users/cathrine/.m2/repository/commons-lang/commons-lang/2.6/commons-lang-2.6.jar:/Users/cathrine/.m2/repository/org/apache/zookeeper/zookeeper-jute/3.6.2/zookeeper-jute-3.6.2.jar:/Users/cathrine/.m2/repository/org/apache/yetus/audience-annotations/0.5.0/audience-annotations-0.5.0.jar:/Users/cathrine/.m2/repository/jakarta/servlet/jakarta.servlet-api/4.0.3/jakarta.servlet-api-4.0.3.jar:/Users/cathrine/.m2/repository/commons-codec/commons-codec/1.15/commons-codec-1.15.jar:/Users/cathrine/.m2/repository/org/apache/commons/commons-math3/3.6.1/commons-math3-3.6.1.jar:/Users/cathrine/.m2/repository/commons-collections/commons-collections/3.2.2/commons-collections-3.2.2.jar:/Users/cathrine/.m2/repository/org/apache/commons/commons-collections4/4.4/commons-collections4-4.4.jar:/Users/cathrine/.m2/repository/org/slf4j/jul-to-slf4j/1.7.32/jul-to-slf4j-1.7.32.jar:/Users/cathrine/.m2/repository/org/slf4j/jcl-over-slf4j/1.7.32/jcl-over-slf4j-1.7.32.jar:/Users/cathrine/.m2/repository/org/apache/logging/log4j/log4j-1.2-api/2.17.2/log4j-1.2-api-2.17.2.jar:/Users/cathrine/.m2/repository/com/ning/compress-lzf/1.1/compress-lzf-1.1.jar:/Users/cathrine/.m2/repository/org/xerial/snappy/snappy-java/1.1.8.4/snappy-java-1.1.8.4.jar:/Users/cathrine/.m2/repository/org/lz4/lz4-java/1.8.0/lz4-java-1.8.0.jar:/Users/cathrine/.m2/repository/com/github/luben/zstd-jni/1.5.2-1/zstd-jni-1.5.2-1.jar:/Users/cathrine/.m2/repository/org/roaringbitmap/RoaringBitmap/0.9.25/RoaringBitmap-0.9.25.jar:/Users/cathrine/.m2/repository/org/roaringbitmap/shims/0.9.25/shims-0.9.25.jar:/Users/cathrine/.m2/repository/org/scala-lang/modules/scala-xml_2.12/1.2.0/scala-xml_2.12-1.2.0.jar:/Users/cathrine/.m2/repository/org/scala-lang/scala-reflect/2.12.15/scala-reflect-2.12.15.jar:/Users/cathrine/.m2/repository/org/json4s/json4s-jackson_2.12/3.7.0-M11/json4s-jackson_2.12-3.7.0-M11.jar:/Users/cathrine/.m2/repository/org/json4s/json4s-core_2.12/3.7.0-M11/json4s-core_2.12-3.7.0-M11.jar:/Users/cathrine/.m2/repository/org/json4s/json4s-ast_2.12/3.7.0-M11/json4s-ast_2.12-3.7.0-M11.jar:/Users/cathrine/.m2/repository/org/json4s/json4s-scalap_2.12/3.7.0-M11/json4s-scalap_2.12-3.7.0-M11.jar:/Users/cathrine/.m2/repository/org/glassfish/jersey/core/jersey-client/2.36/jersey-client-2.36.jar:/Users/cathrine/.m2/repository/jakarta/ws/rs/jakarta.ws.rs-api/2.1.6/jakarta.ws.rs-api-2.1.6.jar:/Users/cathrine/.m2/repository/org/glassfish/hk2/external/jakarta.inject/2.6.1/jakarta.inject-2.6.1.jar:/Users/cathrine/.m2/repository/org/glassfish/jersey/core/jersey-common/2.36/jersey-common-2.36.jar:/Users/cathrine/.m2/repository/jakarta/annotation/jakarta.annotation-api/1.3.5/jakarta.annotation-api-1.3.5.jar:/Users/cathrine/.m2/repository/org/glassfish/hk2/osgi-resource-locator/1.0.3/osgi-resource-locator-1.0.3.jar:/Users/cathrine/.m2/repository/org/glassfish/jersey/core/jersey-server/2.36/jersey-server-2.36.jar:/Users/cathrine/.m2/repository/jakarta/validation/jakarta.validation-api/2.0.2/jakarta.validation-api-2.0.2.jar:/Users/cathrine/.m2/repository/org/glassfish/jersey/containers/jersey-container-servlet/2.36/jersey-container-servlet-2.36.jar:/Users/cathrine/.m2/repository/org/glassfish/jersey/containers/jersey-container-servlet-core/2.36/jersey-container-servlet-core-2.36.jar:/Users/cathrine/.m2/repository/org/glassfish/jersey/inject/jersey-hk2/2.36/jersey-hk2-2.36.jar:/Users/cathrine/.m2/repository/org/glassfish/hk2/hk2-locator/2.6.1/hk2-locator-2.6.1.jar:/Users/cathrine/.m2/repository/org/glassfish/hk2/external/aopalliance-repackaged/2.6.1/aopalliance-repackaged-2.6.1.jar:/Users/cathrine/.m2/repository/org/glassfish/hk2/hk2-api/2.6.1/hk2-api-2.6.1.jar:/Users/cathrine/.m2/repository/org/glassfish/hk2/hk2-utils/2.6.1/hk2-utils-2.6.1.jar:/Users/cathrine/.m2/repository/org/javassist/javassist/3.25.0-GA/javassist-3.25.0-GA.jar:/Users/cathrine/.m2/repository/io/netty/netty-all/4.1.74.Final/netty-all-4.1.74.Final.jar:/Users/cathrine/.m2/repository/io/netty/netty-buffer/4.1.74.Final/netty-buffer-4.1.74.Final.jar:/Users/cathrine/.m2/repository/io/netty/netty-codec/4.1.74.Final/netty-codec-4.1.74.Final.jar:/Users/cathrine/.m2/repository/io/netty/netty-common/4.1.74.Final/netty-common-4.1.74.Final.jar:/Users/cathrine/.m2/repository/io/netty/netty-handler/4.1.74.Final/netty-handler-4.1.74.Final.jar:/Users/cathrine/.m2/repository/io/netty/netty-tcnative-classes/2.0.48.Final/netty-tcnative-classes-2.0.48.Final.jar:/Users/cathrine/.m2/repository/io/netty/netty-resolver/4.1.74.Final/netty-resolver-4.1.74.Final.jar:/Users/cathrine/.m2/repository/io/netty/netty-transport/4.1.74.Final/netty-transport-4.1.74.Final.jar:/Users/cathrine/.m2/repository/io/netty/netty-transport-classes-epoll/4.1.74.Final/netty-transport-classes-epoll-4.1.74.Final.jar:/Users/cathrine/.m2/repository/io/netty/netty-transport-native-unix-common/4.1.74.Final/netty-transport-native-unix-common-4.1.74.Final.jar:/Users/cathrine/.m2/repository/io/netty/netty-transport-classes-kqueue/4.1.74.Final/netty-transport-classes-kqueue-4.1.74.Final.jar:/Users/cathrine/.m2/repository/io/netty/netty-transport-native-epoll/4.1.74.Final/netty-transport-native-epoll-4.1.74.Final-linux-x86_64.jar:/Users/cathrine/.m2/repository/io/netty/netty-transport-native-epoll/4.1.74.Final/netty-transport-native-epoll-4.1.74.Final-linux-aarch_64.jar:/Users/cathrine/.m2/repository/io/netty/netty-transport-native-kqueue/4.1.74.Final/netty-transport-native-kqueue-4.1.74.Final-osx-x86_64.jar:/Users/cathrine/.m2/repository/io/netty/netty-transport-native-kqueue/4.1.74.Final/netty-transport-native-kqueue-4.1.74.Final-osx-aarch_64.jar:/Users/cathrine/.m2/repository/com/clearspring/analytics/stream/2.9.6/stream-2.9.6.jar:/Users/cathrine/.m2/repository/io/dropwizard/metrics/metrics-core/4.2.7/metrics-core-4.2.7.jar:/Users/cathrine/.m2/repository/io/dropwizard/metrics/metrics-jvm/4.2.7/metrics-jvm-4.2.7.jar:/Users/cathrine/.m2/repository/io/dropwizard/metrics/metrics-json/4.2.7/metrics-json-4.2.7.jar:/Users/cathrine/.m2/repository/io/dropwizard/metrics/metrics-graphite/4.2.7/metrics-graphite-4.2.7.jar:/Users/cathrine/.m2/repository/io/dropwizard/metrics/metrics-jmx/4.2.7/metrics-jmx-4.2.7.jar:/Users/cathrine/.m2/repository/com/fasterxml/jackson/module/jackson-module-scala_2.12/2.13.4/jackson-module-scala_2.12-2.13.4.jar:/Users/cathrine/.m2/repository/com/thoughtworks/paranamer/paranamer/2.8/paranamer-2.8.jar:/Users/cathrine/.m2/repository/org/apache/ivy/ivy/2.5.1/ivy-2.5.1.jar:/Users/cathrine/.m2/repository/oro/oro/2.0.8/oro-2.0.8.jar:/Users/cathrine/.m2/repository/net/razorvine/pickle/1.2/pickle-1.2.jar:/Users/cathrine/.m2/repository/net/sf/py4j/py4j/0.10.9.5/py4j-0.10.9.5.jar:/Users/cathrine/.m2/repository/org/apache/commons/commons-crypto/1.1.0/commons-crypto-1.1.0.jar:/Users/cathrine/.m2/repository/org/apache/spark/spark-catalyst_2.12/3.3.2/spark-catalyst_2.12-3.3.2.jar:/Users/cathrine/.m2/repository/org/scala-lang/modules/scala-parser-combinators_2.12/1.1.2/scala-parser-combinators_2.12-1.1.2.jar:/Users/cathrine/.m2/repository/org/codehaus/janino/janino/3.0.16/janino-3.0.16.jar:/Users/cathrine/.m2/repository/org/codehaus/janino/commons-compiler/3.0.16/commons-compiler-3.0.16.jar:/Users/cathrine/.m2/repository/org/apache/arrow/arrow-vector/7.0.0/arrow-vector-7.0.0.jar:/Users/cathrine/.m2/repository/org/apache/arrow/arrow-format/7.0.0/arrow-format-7.0.0.jar:/Users/cathrine/.m2/repository/org/apache/arrow/arrow-memory-core/7.0.0/arrow-memory-core-7.0.0.jar:/Users/cathrine/.m2/repository/com/google/flatbuffers/flatbuffers-java/1.12.0/flatbuffers-java-1.12.0.jar:/Users/cathrine/.m2/repository/org/apache/arrow/arrow-memory-netty/7.0.0/arrow-memory-netty-7.0.0.jar:/Users/cathrine/.m2/repository/org/apache/spark/spark-tags_2.12/3.3.2/spark-tags_2.12-3.3.2.jar:/Users/cathrine/.m2/repository/org/apache/orc/orc-core/1.7.8/orc-core-1.7.8.jar:/Users/cathrine/.m2/repository/org/apache/orc/orc-shims/1.7.8/orc-shims-1.7.8.jar:/Users/cathrine/.m2/repository/com/google/protobuf/protobuf-java/2.5.0/protobuf-java-2.5.0.jar:/Users/cathrine/.m2/repository/io/airlift/aircompressor/0.21/aircompressor-0.21.jar:/Users/cathrine/.m2/repository/org/jetbrains/annotations/17.0.0/annotations-17.0.0.jar:/Users/cathrine/.m2/repository/org/threeten/threeten-extra/1.5.0/threeten-extra-1.5.0.jar:/Users/cathrine/.m2/repository/org/apache/orc/orc-mapreduce/1.7.8/orc-mapreduce-1.7.8.jar:/Users/cathrine/.m2/repository/org/apache/hive/hive-storage-api/2.7.2/hive-storage-api-2.7.2.jar:/Users/cathrine/.m2/repository/org/apache/parquet/parquet-column/1.12.2/parquet-column-1.12.2.jar:/Users/cathrine/.m2/repository/org/apache/parquet/parquet-common/1.12.2/parquet-common-1.12.2.jar:/Users/cathrine/.m2/repository/org/apache/parquet/parquet-encoding/1.12.2/parquet-encoding-1.12.2.jar:/Users/cathrine/.m2/repository/org/apache/parquet/parquet-hadoop/1.12.2/parquet-hadoop-1.12.2.jar:/Users/cathrine/.m2/repository/org/apache/parquet/parquet-format-structures/1.12.2/parquet-format-structures-1.12.2.jar:/Users/cathrine/.m2/repository/org/apache/parquet/parquet-jackson/1.12.2/parquet-jackson-1.12.2.jar:/Users/cathrine/.m2/repository/com/fasterxml/jackson/core/jackson-databind/2.13.4.2/jackson-databind-2.13.4.2.jar:/Users/cathrine/.m2/repository/com/fasterxml/jackson/core/jackson-annotations/2.13.4/jackson-annotations-2.13.4.jar:/Users/cathrine/.m2/repository/org/apache/xbean/xbean-asm9-shaded/4.20/xbean-asm9-shaded-4.20.jar:/Users/cathrine/.m2/repository/org/spark-project/spark/unused/1.0.0/unused-1.0.0.jar:/Users/cathrine/.m2/repository/com/google/code/findbugs/jsr305/3.0.2/jsr305-3.0.2.jar:/Users/cathrine/.m2/repository/org/apache/logging/log4j/log4j-api/2.22.1/log4j-api-2.22.1.jar:/Users/cathrine/.m2/repository/org/apache/logging/log4j/log4j-core/2.22.1/log4j-core-2.22.1.jar:/Users/cathrine/.m2/repository/org/apache/logging/log4j/log4j-slf4j-impl/2.22.1/log4j-slf4j-impl-2.22.1.jar:/Users/cathrine/.m2/repository/org/slf4j/slf4j-api/1.7.36/slf4j-api-1.7.36.jar:/Users/cathrine/.m2/repository/com/fasterxml/jackson/dataformat/jackson-dataformat-yaml/2.16.1/jackson-dataformat-yaml-2.16.1.jar:/Users/cathrine/.m2/repository/org/yaml/snakeyaml/2.2/snakeyaml-2.2.jar:/Users/cathrine/.m2/repository/com/fasterxml/jackson/core/jackson-core/2.16.1/jackson-core-2.16.1.jar:/Users/cathrine/.m2/repository/org/duckdb/duckdb_jdbc/0.9.2/duckdb_jdbc-0.9.2.jar:/Users/cathrine/.m2/repository/com/networknt/json-schema-validator/1.0.88/json-schema-validator-1.0.88.jar:/Users/cathrine/.m2/repository/com/ethlo/time/itu/1.7.0/itu-1.7.0.jar:/Users/cathrine/.m2/repository/org/junit/jupiter/junit-jupiter/5.10.1/junit-jupiter-5.10.1.jar:/Users/cathrine/.m2/repository/org/junit/jupiter/junit-jupiter-api/5.10.1/junit-jupiter-api-5.10.1.jar:/Users/cathrine/.m2/repository/org/opentest4j/opentest4j/1.3.0/opentest4j-1.3.0.jar:/Users/cathrine/.m2/repository/org/junit/platform/junit-platform-commons/1.10.1/junit-platform-commons-1.10.1.jar:/Users/cathrine/.m2/repository/org/apiguardian/apiguardian-api/1.1.2/apiguardian-api-1.1.2.jar:/Users/cathrine/.m2/repository/org/junit/jupiter/junit-jupiter-params/5.10.1/junit-jupiter-params-5.10.1.jar:/Users/cathrine/.m2/repository/org/junit/jupiter/junit-jupiter-engine/5.10.1/junit-jupiter-engine-5.10.1.jar:/Users/cathrine/.m2/repository/org/junit/platform/junit-platform-engine/1.10.1/junit-platform-engine-1.10.1.jar:/Users/cathrine/.m2/repository/org/junit-pioneer/junit-pioneer/2.2.0/junit-pioneer-2.2.0.jar:/Users/cathrine/.m2/repository/org/junit/platform/junit-platform-launcher/1.9.2/junit-platform-launcher-1.9.2.jar:/Users/cathrine/.m2/repository/org/mockito/mockito-core/5.8.0/mockito-core-5.8.0.jar:/Users/cathrine/.m2/repository/net/bytebuddy/byte-buddy/1.14.10/byte-buddy-1.14.10.jar:/Users/cathrine/.m2/repository/net/bytebuddy/byte-buddy-agent/1.14.10/byte-buddy-agent-1.14.10.jar:/Users/cathrine/.m2/repository/org/objenesis/objenesis/3.3/objenesis-3.3.jar:/Users/cathrine/.m2/repository/io/delta/delta-core_2.12/2.2.0/delta-core_2.12-2.2.0.jar:/Users/cathrine/.m2/repository/org/scala-lang/scala-library/2.12.15/scala-library-2.12.15.jar:/Users/cathrine/.m2/repository/org/antlr/antlr4-runtime/4.8/antlr4-runtime-4.8.jar:/Users/cathrine/.m2/repository/io/delta/delta-storage/2.2.0/delta-storage-2.2.0.jar:/Users/cathrine/.m2/repository/org/apache/hudi/hudi-spark3.3-bundle_2.12/0.12.2/hudi-spark3.3-bundle_2.12-0.12.2.jar:/Users/cathrine/.m2/repository/org/apache/iceberg/iceberg-spark-runtime-3.3_2.12/1.1.0/iceberg-spark-runtime-3.3_2.12-1.1.0.jar:"/>
    <property name="java.vm.vendor" value="Homebrew"/>
    <property name="sun.arch.data.model" value="64"/>
    <property name="java.vendor.url" value="https://github.com/Homebrew/homebrew-core/issues"/>
    <property name="user.timezone" value="Europe/Amsterdam"/>
    <property name="os.name" value="Mac OS X"/>
    <property name="java.vm.specification.version" value="17"/>
    <property name="sun.java.launcher" value="SUN_STANDARD"/>
    <property name="user.country" value="NL"/>
    <property name="sun.boot.library.path" value="/opt/homebrew/Cellar/openjdk@17/17.0.10/libexec/openjdk.jdk/Contents/Home/lib"/>
    <property name="sun.java.command" value="/Users/cathrine/Workspace/thesis/thesis/server/resources/repos/microsoft/lst-bench/target/surefire/surefirebooter-20240418145620741_3.jar /Users/cathrine/Workspace/thesis/thesis/server/resources/repos/microsoft/lst-bench/target/surefire 2024-04-18T14-56-20_689-jvmRun1 surefire-20240418145620741_1tmp surefire_0-20240418145620741_2tmp"/>
    <property name="http.nonProxyHosts" value="local|*.local|169.254/16|*.169.254/16"/>
    <property name="jdk.debug" value="release"/>
    <property name="surefire.test.class.path" value="/Users/cathrine/Workspace/thesis/thesis/server/resources/repos/microsoft/lst-bench/target/test-classes:/Users/cathrine/Workspace/thesis/thesis/server/resources/repos/microsoft/lst-bench/target/classes:/Users/cathrine/.m2/repository/org/apache/commons/commons-text/1.11.0/commons-text-1.11.0.jar:/Users/cathrine/.m2/repository/org/apache/commons/commons-lang3/3.14.0/commons-lang3-3.14.0.jar:/Users/cathrine/.m2/repository/commons-cli/commons-cli/1.6.0/commons-cli-1.6.0.jar:/Users/cathrine/.m2/repository/commons-io/commons-io/2.15.1/commons-io-2.15.1.jar:/Users/cathrine/.m2/repository/org/immutables/value/2.10.1/value-2.10.1.jar:/Users/cathrine/.m2/repository/org/apache/spark/spark-sql_2.12/3.3.2/spark-sql_2.12-3.3.2.jar:/Users/cathrine/.m2/repository/org/rocksdb/rocksdbjni/6.20.3/rocksdbjni-6.20.3.jar:/Users/cathrine/.m2/repository/com/univocity/univocity-parsers/2.9.1/univocity-parsers-2.9.1.jar:/Users/cathrine/.m2/repository/org/apache/spark/spark-sketch_2.12/3.3.2/spark-sketch_2.12-3.3.2.jar:/Users/cathrine/.m2/repository/org/apache/spark/spark-core_2.12/3.3.2/spark-core_2.12-3.3.2.jar:/Users/cathrine/.m2/repository/org/apache/avro/avro/1.11.0/avro-1.11.0.jar:/Users/cathrine/.m2/repository/org/apache/commons/commons-compress/1.21/commons-compress-1.21.jar:/Users/cathrine/.m2/repository/org/apache/avro/avro-mapred/1.11.0/avro-mapred-1.11.0.jar:/Users/cathrine/.m2/repository/org/apache/avro/avro-ipc/1.11.0/avro-ipc-1.11.0.jar:/Users/cathrine/.m2/repository/org/tukaani/xz/1.9/xz-1.9.jar:/Users/cathrine/.m2/repository/com/twitter/chill_2.12/0.10.0/chill_2.12-0.10.0.jar:/Users/cathrine/.m2/repository/com/esotericsoftware/kryo-shaded/4.0.2/kryo-shaded-4.0.2.jar:/Users/cathrine/.m2/repository/com/esotericsoftware/minlog/1.3.0/minlog-1.3.0.jar:/Users/cathrine/.m2/repository/com/twitter/chill-java/0.10.0/chill-java-0.10.0.jar:/Users/cathrine/.m2/repository/org/apache/hadoop/hadoop-client-api/3.3.2/hadoop-client-api-3.3.2.jar:/Users/cathrine/.m2/repository/org/apache/hadoop/hadoop-client-runtime/3.3.2/hadoop-client-runtime-3.3.2.jar:/Users/cathrine/.m2/repository/commons-logging/commons-logging/1.1.3/commons-logging-1.1.3.jar:/Users/cathrine/.m2/repository/org/apache/spark/spark-launcher_2.12/3.3.2/spark-launcher_2.12-3.3.2.jar:/Users/cathrine/.m2/repository/org/apache/spark/spark-kvstore_2.12/3.3.2/spark-kvstore_2.12-3.3.2.jar:/Users/cathrine/.m2/repository/org/fusesource/leveldbjni/leveldbjni-all/1.8/leveldbjni-all-1.8.jar:/Users/cathrine/.m2/repository/org/apache/spark/spark-network-common_2.12/3.3.2/spark-network-common_2.12-3.3.2.jar:/Users/cathrine/.m2/repository/com/google/crypto/tink/tink/1.6.1/tink-1.6.1.jar:/Users/cathrine/.m2/repository/com/google/code/gson/gson/2.8.6/gson-2.8.6.jar:/Users/cathrine/.m2/repository/org/apache/spark/spark-network-shuffle_2.12/3.3.2/spark-network-shuffle_2.12-3.3.2.jar:/Users/cathrine/.m2/repository/org/apache/spark/spark-unsafe_2.12/3.3.2/spark-unsafe_2.12-3.3.2.jar:/Users/cathrine/.m2/repository/javax/activation/activation/1.1.1/activation-1.1.1.jar:/Users/cathrine/.m2/repository/org/apache/curator/curator-recipes/2.13.0/curator-recipes-2.13.0.jar:/Users/cathrine/.m2/repository/org/apache/curator/curator-framework/2.13.0/curator-framework-2.13.0.jar:/Users/cathrine/.m2/repository/org/apache/curator/curator-client/2.13.0/curator-client-2.13.0.jar:/Users/cathrine/.m2/repository/com/google/guava/guava/16.0.1/guava-16.0.1.jar:/Users/cathrine/.m2/repository/org/apache/zookeeper/zookeeper/3.6.2/zookeeper-3.6.2.jar:/Users/cathrine/.m2/repository/commons-lang/commons-lang/2.6/commons-lang-2.6.jar:/Users/cathrine/.m2/repository/org/apache/zookeeper/zookeeper-jute/3.6.2/zookeeper-jute-3.6.2.jar:/Users/cathrine/.m2/repository/org/apache/yetus/audience-annotations/0.5.0/audience-annotations-0.5.0.jar:/Users/cathrine/.m2/repository/jakarta/servlet/jakarta.servlet-api/4.0.3/jakarta.servlet-api-4.0.3.jar:/Users/cathrine/.m2/repository/commons-codec/commons-codec/1.15/commons-codec-1.15.jar:/Users/cathrine/.m2/repository/org/apache/commons/commons-math3/3.6.1/commons-math3-3.6.1.jar:/Users/cathrine/.m2/repository/commons-collections/commons-collections/3.2.2/commons-collections-3.2.2.jar:/Users/cathrine/.m2/repository/org/apache/commons/commons-collections4/4.4/commons-collections4-4.4.jar:/Users/cathrine/.m2/repository/org/slf4j/jul-to-slf4j/1.7.32/jul-to-slf4j-1.7.32.jar:/Users/cathrine/.m2/repository/org/slf4j/jcl-over-slf4j/1.7.32/jcl-over-slf4j-1.7.32.jar:/Users/cathrine/.m2/repository/org/apache/logging/log4j/log4j-1.2-api/2.17.2/log4j-1.2-api-2.17.2.jar:/Users/cathrine/.m2/repository/com/ning/compress-lzf/1.1/compress-lzf-1.1.jar:/Users/cathrine/.m2/repository/org/xerial/snappy/snappy-java/1.1.8.4/snappy-java-1.1.8.4.jar:/Users/cathrine/.m2/repository/org/lz4/lz4-java/1.8.0/lz4-java-1.8.0.jar:/Users/cathrine/.m2/repository/com/github/luben/zstd-jni/1.5.2-1/zstd-jni-1.5.2-1.jar:/Users/cathrine/.m2/repository/org/roaringbitmap/RoaringBitmap/0.9.25/RoaringBitmap-0.9.25.jar:/Users/cathrine/.m2/repository/org/roaringbitmap/shims/0.9.25/shims-0.9.25.jar:/Users/cathrine/.m2/repository/org/scala-lang/modules/scala-xml_2.12/1.2.0/scala-xml_2.12-1.2.0.jar:/Users/cathrine/.m2/repository/org/scala-lang/scala-reflect/2.12.15/scala-reflect-2.12.15.jar:/Users/cathrine/.m2/repository/org/json4s/json4s-jackson_2.12/3.7.0-M11/json4s-jackson_2.12-3.7.0-M11.jar:/Users/cathrine/.m2/repository/org/json4s/json4s-core_2.12/3.7.0-M11/json4s-core_2.12-3.7.0-M11.jar:/Users/cathrine/.m2/repository/org/json4s/json4s-ast_2.12/3.7.0-M11/json4s-ast_2.12-3.7.0-M11.jar:/Users/cathrine/.m2/repository/org/json4s/json4s-scalap_2.12/3.7.0-M11/json4s-scalap_2.12-3.7.0-M11.jar:/Users/cathrine/.m2/repository/org/glassfish/jersey/core/jersey-client/2.36/jersey-client-2.36.jar:/Users/cathrine/.m2/repository/jakarta/ws/rs/jakarta.ws.rs-api/2.1.6/jakarta.ws.rs-api-2.1.6.jar:/Users/cathrine/.m2/repository/org/glassfish/hk2/external/jakarta.inject/2.6.1/jakarta.inject-2.6.1.jar:/Users/cathrine/.m2/repository/org/glassfish/jersey/core/jersey-common/2.36/jersey-common-2.36.jar:/Users/cathrine/.m2/repository/jakarta/annotation/jakarta.annotation-api/1.3.5/jakarta.annotation-api-1.3.5.jar:/Users/cathrine/.m2/repository/org/glassfish/hk2/osgi-resource-locator/1.0.3/osgi-resource-locator-1.0.3.jar:/Users/cathrine/.m2/repository/org/glassfish/jersey/core/jersey-server/2.36/jersey-server-2.36.jar:/Users/cathrine/.m2/repository/jakarta/validation/jakarta.validation-api/2.0.2/jakarta.validation-api-2.0.2.jar:/Users/cathrine/.m2/repository/org/glassfish/jersey/containers/jersey-container-servlet/2.36/jersey-container-servlet-2.36.jar:/Users/cathrine/.m2/repository/org/glassfish/jersey/containers/jersey-container-servlet-core/2.36/jersey-container-servlet-core-2.36.jar:/Users/cathrine/.m2/repository/org/glassfish/jersey/inject/jersey-hk2/2.36/jersey-hk2-2.36.jar:/Users/cathrine/.m2/repository/org/glassfish/hk2/hk2-locator/2.6.1/hk2-locator-2.6.1.jar:/Users/cathrine/.m2/repository/org/glassfish/hk2/external/aopalliance-repackaged/2.6.1/aopalliance-repackaged-2.6.1.jar:/Users/cathrine/.m2/repository/org/glassfish/hk2/hk2-api/2.6.1/hk2-api-2.6.1.jar:/Users/cathrine/.m2/repository/org/glassfish/hk2/hk2-utils/2.6.1/hk2-utils-2.6.1.jar:/Users/cathrine/.m2/repository/org/javassist/javassist/3.25.0-GA/javassist-3.25.0-GA.jar:/Users/cathrine/.m2/repository/io/netty/netty-all/4.1.74.Final/netty-all-4.1.74.Final.jar:/Users/cathrine/.m2/repository/io/netty/netty-buffer/4.1.74.Final/netty-buffer-4.1.74.Final.jar:/Users/cathrine/.m2/repository/io/netty/netty-codec/4.1.74.Final/netty-codec-4.1.74.Final.jar:/Users/cathrine/.m2/repository/io/netty/netty-common/4.1.74.Final/netty-common-4.1.74.Final.jar:/Users/cathrine/.m2/repository/io/netty/netty-handler/4.1.74.Final/netty-handler-4.1.74.Final.jar:/Users/cathrine/.m2/repository/io/netty/netty-tcnative-classes/2.0.48.Final/netty-tcnative-classes-2.0.48.Final.jar:/Users/cathrine/.m2/repository/io/netty/netty-resolver/4.1.74.Final/netty-resolver-4.1.74.Final.jar:/Users/cathrine/.m2/repository/io/netty/netty-transport/4.1.74.Final/netty-transport-4.1.74.Final.jar:/Users/cathrine/.m2/repository/io/netty/netty-transport-classes-epoll/4.1.74.Final/netty-transport-classes-epoll-4.1.74.Final.jar:/Users/cathrine/.m2/repository/io/netty/netty-transport-native-unix-common/4.1.74.Final/netty-transport-native-unix-common-4.1.74.Final.jar:/Users/cathrine/.m2/repository/io/netty/netty-transport-classes-kqueue/4.1.74.Final/netty-transport-classes-kqueue-4.1.74.Final.jar:/Users/cathrine/.m2/repository/io/netty/netty-transport-native-epoll/4.1.74.Final/netty-transport-native-epoll-4.1.74.Final-linux-x86_64.jar:/Users/cathrine/.m2/repository/io/netty/netty-transport-native-epoll/4.1.74.Final/netty-transport-native-epoll-4.1.74.Final-linux-aarch_64.jar:/Users/cathrine/.m2/repository/io/netty/netty-transport-native-kqueue/4.1.74.Final/netty-transport-native-kqueue-4.1.74.Final-osx-x86_64.jar:/Users/cathrine/.m2/repository/io/netty/netty-transport-native-kqueue/4.1.74.Final/netty-transport-native-kqueue-4.1.74.Final-osx-aarch_64.jar:/Users/cathrine/.m2/repository/com/clearspring/analytics/stream/2.9.6/stream-2.9.6.jar:/Users/cathrine/.m2/repository/io/dropwizard/metrics/metrics-core/4.2.7/metrics-core-4.2.7.jar:/Users/cathrine/.m2/repository/io/dropwizard/metrics/metrics-jvm/4.2.7/metrics-jvm-4.2.7.jar:/Users/cathrine/.m2/repository/io/dropwizard/metrics/metrics-json/4.2.7/metrics-json-4.2.7.jar:/Users/cathrine/.m2/repository/io/dropwizard/metrics/metrics-graphite/4.2.7/metrics-graphite-4.2.7.jar:/Users/cathrine/.m2/repository/io/dropwizard/metrics/metrics-jmx/4.2.7/metrics-jmx-4.2.7.jar:/Users/cathrine/.m2/repository/com/fasterxml/jackson/module/jackson-module-scala_2.12/2.13.4/jackson-module-scala_2.12-2.13.4.jar:/Users/cathrine/.m2/repository/com/thoughtworks/paranamer/paranamer/2.8/paranamer-2.8.jar:/Users/cathrine/.m2/repository/org/apache/ivy/ivy/2.5.1/ivy-2.5.1.jar:/Users/cathrine/.m2/repository/oro/oro/2.0.8/oro-2.0.8.jar:/Users/cathrine/.m2/repository/net/razorvine/pickle/1.2/pickle-1.2.jar:/Users/cathrine/.m2/repository/net/sf/py4j/py4j/0.10.9.5/py4j-0.10.9.5.jar:/Users/cathrine/.m2/repository/org/apache/commons/commons-crypto/1.1.0/commons-crypto-1.1.0.jar:/Users/cathrine/.m2/repository/org/apache/spark/spark-catalyst_2.12/3.3.2/spark-catalyst_2.12-3.3.2.jar:/Users/cathrine/.m2/repository/org/scala-lang/modules/scala-parser-combinators_2.12/1.1.2/scala-parser-combinators_2.12-1.1.2.jar:/Users/cathrine/.m2/repository/org/codehaus/janino/janino/3.0.16/janino-3.0.16.jar:/Users/cathrine/.m2/repository/org/codehaus/janino/commons-compiler/3.0.16/commons-compiler-3.0.16.jar:/Users/cathrine/.m2/repository/org/apache/arrow/arrow-vector/7.0.0/arrow-vector-7.0.0.jar:/Users/cathrine/.m2/repository/org/apache/arrow/arrow-format/7.0.0/arrow-format-7.0.0.jar:/Users/cathrine/.m2/repository/org/apache/arrow/arrow-memory-core/7.0.0/arrow-memory-core-7.0.0.jar:/Users/cathrine/.m2/repository/com/google/flatbuffers/flatbuffers-java/1.12.0/flatbuffers-java-1.12.0.jar:/Users/cathrine/.m2/repository/org/apache/arrow/arrow-memory-netty/7.0.0/arrow-memory-netty-7.0.0.jar:/Users/cathrine/.m2/repository/org/apache/spark/spark-tags_2.12/3.3.2/spark-tags_2.12-3.3.2.jar:/Users/cathrine/.m2/repository/org/apache/orc/orc-core/1.7.8/orc-core-1.7.8.jar:/Users/cathrine/.m2/repository/org/apache/orc/orc-shims/1.7.8/orc-shims-1.7.8.jar:/Users/cathrine/.m2/repository/com/google/protobuf/protobuf-java/2.5.0/protobuf-java-2.5.0.jar:/Users/cathrine/.m2/repository/io/airlift/aircompressor/0.21/aircompressor-0.21.jar:/Users/cathrine/.m2/repository/org/jetbrains/annotations/17.0.0/annotations-17.0.0.jar:/Users/cathrine/.m2/repository/org/threeten/threeten-extra/1.5.0/threeten-extra-1.5.0.jar:/Users/cathrine/.m2/repository/org/apache/orc/orc-mapreduce/1.7.8/orc-mapreduce-1.7.8.jar:/Users/cathrine/.m2/repository/org/apache/hive/hive-storage-api/2.7.2/hive-storage-api-2.7.2.jar:/Users/cathrine/.m2/repository/org/apache/parquet/parquet-column/1.12.2/parquet-column-1.12.2.jar:/Users/cathrine/.m2/repository/org/apache/parquet/parquet-common/1.12.2/parquet-common-1.12.2.jar:/Users/cathrine/.m2/repository/org/apache/parquet/parquet-encoding/1.12.2/parquet-encoding-1.12.2.jar:/Users/cathrine/.m2/repository/org/apache/parquet/parquet-hadoop/1.12.2/parquet-hadoop-1.12.2.jar:/Users/cathrine/.m2/repository/org/apache/parquet/parquet-format-structures/1.12.2/parquet-format-structures-1.12.2.jar:/Users/cathrine/.m2/repository/org/apache/parquet/parquet-jackson/1.12.2/parquet-jackson-1.12.2.jar:/Users/cathrine/.m2/repository/com/fasterxml/jackson/core/jackson-databind/2.13.4.2/jackson-databind-2.13.4.2.jar:/Users/cathrine/.m2/repository/com/fasterxml/jackson/core/jackson-annotations/2.13.4/jackson-annotations-2.13.4.jar:/Users/cathrine/.m2/repository/org/apache/xbean/xbean-asm9-shaded/4.20/xbean-asm9-shaded-4.20.jar:/Users/cathrine/.m2/repository/org/spark-project/spark/unused/1.0.0/unused-1.0.0.jar:/Users/cathrine/.m2/repository/com/google/code/findbugs/jsr305/3.0.2/jsr305-3.0.2.jar:/Users/cathrine/.m2/repository/org/apache/logging/log4j/log4j-api/2.22.1/log4j-api-2.22.1.jar:/Users/cathrine/.m2/repository/org/apache/logging/log4j/log4j-core/2.22.1/log4j-core-2.22.1.jar:/Users/cathrine/.m2/repository/org/apache/logging/log4j/log4j-slf4j-impl/2.22.1/log4j-slf4j-impl-2.22.1.jar:/Users/cathrine/.m2/repository/org/slf4j/slf4j-api/1.7.36/slf4j-api-1.7.36.jar:/Users/cathrine/.m2/repository/com/fasterxml/jackson/dataformat/jackson-dataformat-yaml/2.16.1/jackson-dataformat-yaml-2.16.1.jar:/Users/cathrine/.m2/repository/org/yaml/snakeyaml/2.2/snakeyaml-2.2.jar:/Users/cathrine/.m2/repository/com/fasterxml/jackson/core/jackson-core/2.16.1/jackson-core-2.16.1.jar:/Users/cathrine/.m2/repository/org/duckdb/duckdb_jdbc/0.9.2/duckdb_jdbc-0.9.2.jar:/Users/cathrine/.m2/repository/com/networknt/json-schema-validator/1.0.88/json-schema-validator-1.0.88.jar:/Users/cathrine/.m2/repository/com/ethlo/time/itu/1.7.0/itu-1.7.0.jar:/Users/cathrine/.m2/repository/org/junit/jupiter/junit-jupiter/5.10.1/junit-jupiter-5.10.1.jar:/Users/cathrine/.m2/repository/org/junit/jupiter/junit-jupiter-api/5.10.1/junit-jupiter-api-5.10.1.jar:/Users/cathrine/.m2/repository/org/opentest4j/opentest4j/1.3.0/opentest4j-1.3.0.jar:/Users/cathrine/.m2/repository/org/junit/platform/junit-platform-commons/1.10.1/junit-platform-commons-1.10.1.jar:/Users/cathrine/.m2/repository/org/apiguardian/apiguardian-api/1.1.2/apiguardian-api-1.1.2.jar:/Users/cathrine/.m2/repository/org/junit/jupiter/junit-jupiter-params/5.10.1/junit-jupiter-params-5.10.1.jar:/Users/cathrine/.m2/repository/org/junit/jupiter/junit-jupiter-engine/5.10.1/junit-jupiter-engine-5.10.1.jar:/Users/cathrine/.m2/repository/org/junit/platform/junit-platform-engine/1.10.1/junit-platform-engine-1.10.1.jar:/Users/cathrine/.m2/repository/org/junit-pioneer/junit-pioneer/2.2.0/junit-pioneer-2.2.0.jar:/Users/cathrine/.m2/repository/org/junit/platform/junit-platform-launcher/1.9.2/junit-platform-launcher-1.9.2.jar:/Users/cathrine/.m2/repository/org/mockito/mockito-core/5.8.0/mockito-core-5.8.0.jar:/Users/cathrine/.m2/repository/net/bytebuddy/byte-buddy/1.14.10/byte-buddy-1.14.10.jar:/Users/cathrine/.m2/repository/net/bytebuddy/byte-buddy-agent/1.14.10/byte-buddy-agent-1.14.10.jar:/Users/cathrine/.m2/repository/org/objenesis/objenesis/3.3/objenesis-3.3.jar:/Users/cathrine/.m2/repository/io/delta/delta-core_2.12/2.2.0/delta-core_2.12-2.2.0.jar:/Users/cathrine/.m2/repository/org/scala-lang/scala-library/2.12.15/scala-library-2.12.15.jar:/Users/cathrine/.m2/repository/org/antlr/antlr4-runtime/4.8/antlr4-runtime-4.8.jar:/Users/cathrine/.m2/repository/io/delta/delta-storage/2.2.0/delta-storage-2.2.0.jar:/Users/cathrine/.m2/repository/org/apache/hudi/hudi-spark3.3-bundle_2.12/0.12.2/hudi-spark3.3-bundle_2.12-0.12.2.jar:/Users/cathrine/.m2/repository/org/apache/iceberg/iceberg-spark-runtime-3.3_2.12/1.1.0/iceberg-spark-runtime-3.3_2.12-1.1.0.jar:"/>
    <property name="sun.cpu.endian" value="little"/>
    <property name="user.home" value="/Users/cathrine"/>
    <property name="user.language" value="en"/>
    <property name="java.specification.vendor" value="Oracle Corporation"/>
    <property name="java.version.date" value="2024-01-16"/>
    <property name="java.home" value="/opt/homebrew/Cellar/openjdk@17/17.0.10/libexec/openjdk.jdk/Contents/Home"/>
    <property name="file.separator" value="/"/>
    <property name="basedir" value="/Users/cathrine/Workspace/thesis/thesis/server/resources/repos/microsoft/lst-bench"/>
    <property name="java.vm.compressedOopsMode" value="Zero based"/>
    <property name="line.separator" value="&#10;"/>
    <property name="java.vm.specification.vendor" value="Oracle Corporation"/>
    <property name="java.specification.name" value="Java Platform API Specification"/>
    <property name="surefire.real.class.path" value="/Users/cathrine/Workspace/thesis/thesis/server/resources/repos/microsoft/lst-bench/target/surefire/surefirebooter-20240418145620741_3.jar"/>
    <property name="sun.management.compiler" value="HotSpot 64-Bit Tiered Compilers"/>
    <property name="ftp.nonProxyHosts" value="local|*.local|169.254/16|*.169.254/16"/>
    <property name="java.runtime.version" value="17.0.10+0"/>
    <property name="user.name" value="cathrine"/>
    <property name="path.separator" value=":"/>
    <property name="os.version" value="14.3.1"/>
    <property name="java.runtime.name" value="OpenJDK Runtime Environment"/>
    <property name="file.encoding" value="UTF-8"/>
    <property name="java.vm.name" value="OpenJDK 64-Bit Server VM"/>
    <property name="java.vendor.version" value="Homebrew"/>
    <property name="localRepository" value="/Users/cathrine/.m2/repository"/>
    <property name="java.vendor.url.bug" value="https://github.com/Homebrew/homebrew-core/issues"/>
    <property name="java.io.tmpdir" value="/var/folders/kb/hx0_jgmj4f96ds5lszx08nym0000gn/T/"/>
    <property name="java.version" value="17.0.10"/>
    <property name="user.dir" value="/Users/cathrine/Workspace/thesis/thesis/server/resources/repos/microsoft/lst-bench"/>
    <property name="os.arch" value="aarch64"/>
    <property name="java.vm.specification.name" value="Java Virtual Machine Specification"/>
    <property name="native.encoding" value="UTF-8"/>
    <property name="java.library.path" value="/Users/cathrine/Library/Java/Extensions:/Library/Java/Extensions:/Network/Library/Java/Extensions:/System/Library/Java/Extensions:/usr/lib/java:."/>
    <property name="java.vm.info" value="mixed mode, sharing"/>
    <property name="java.vendor" value="Homebrew"/>
    <property name="java.vm.version" value="17.0.10+0"/>
    <property name="sun.io.unicode.encoding" value="UnicodeBig"/>
    <property name="socksNonProxyHosts" value="local|*.local|169.254/16|*.169.254/16"/>
    <property name="java.class.version" value="61.0"/>
  </properties>
  <testcase name="testExperimentTimelineTelemetry" classname="com.microsoft.lst_bench.common.LSTBenchmarkExecutorTest" time="1.922">
    <system-out><![CDATA[2024-04-18T14:56:22,523  INFO [main] telemetry.SQLTelemetryRegistry: Creating new logging tables...
2024-04-18T14:56:23,760  INFO [main] telemetry.SQLTelemetryRegistry: Logging tables created.
2024-04-18T14:56:23,763  INFO [main] common.LSTBenchmarkExecutor: Running experiment: telemetryTest, start-time: 2024_04_18_12_56_23_761
2024-04-18T14:56:23,763  INFO [main] common.LSTBenchmarkExecutor: Starting repetition: 0
2024-04-18T14:56:23,763  INFO [main] common.LSTBenchmarkExecutor: Running setup phase...
2024-04-18T14:56:23,773  INFO [main] telemetry.SQLTelemetryRegistry: Flushing events to database...
2024-04-18T14:56:23,781  INFO [main] telemetry.SQLTelemetryRegistry: Events flushed to database.
2024-04-18T14:56:23,783  INFO [main] common.LSTBenchmarkExecutor: Phase setup finished in 0 seconds.
2024-04-18T14:56:23,783  INFO [main] common.LSTBenchmarkExecutor: Running setup_data_maintenance phase...
2024-04-18T14:56:23,786  INFO [main] telemetry.SQLTelemetryRegistry: Flushing events to database...
2024-04-18T14:56:23,790  INFO [main] telemetry.SQLTelemetryRegistry: Events flushed to database.
2024-04-18T14:56:23,792  INFO [main] common.LSTBenchmarkExecutor: Phase setup_data_maintenance finished in 0 seconds.
2024-04-18T14:56:23,793  INFO [main] common.LSTBenchmarkExecutor: Running init phase...
2024-04-18T14:56:23,794  INFO [main] telemetry.SQLTelemetryRegistry: Flushing events to database...
2024-04-18T14:56:23,797  INFO [main] telemetry.SQLTelemetryRegistry: Events flushed to database.
2024-04-18T14:56:23,800  INFO [main] common.LSTBenchmarkExecutor: Phase init finished in 0 seconds.
2024-04-18T14:56:23,800  INFO [main] common.LSTBenchmarkExecutor: Running build phase...
2024-04-18T14:56:23,800  INFO [main] telemetry.SQLTelemetryRegistry: Flushing events to database...
2024-04-18T14:56:23,803  INFO [main] telemetry.SQLTelemetryRegistry: Events flushed to database.
2024-04-18T14:56:23,808  INFO [main] common.LSTBenchmarkExecutor: Phase build finished in 0 seconds.
2024-04-18T14:56:23,808  INFO [main] common.LSTBenchmarkExecutor: Running single_user phase...
2024-04-18T14:56:23,808  INFO [main] telemetry.SQLTelemetryRegistry: Flushing events to database...
2024-04-18T14:56:23,811  INFO [main] telemetry.SQLTelemetryRegistry: Events flushed to database.
2024-04-18T14:56:23,814  INFO [main] common.LSTBenchmarkExecutor: Phase single_user finished in 0 seconds.
2024-04-18T14:56:23,814  INFO [main] common.LSTBenchmarkExecutor: Running data_maintenance phase...
2024-04-18T14:56:23,814  INFO [main] telemetry.SQLTelemetryRegistry: Flushing events to database...
2024-04-18T14:56:23,817  INFO [main] telemetry.SQLTelemetryRegistry: Events flushed to database.
2024-04-18T14:56:23,820  INFO [main] common.LSTBenchmarkExecutor: Phase data_maintenance finished in 0 seconds.
2024-04-18T14:56:23,820  INFO [main] common.LSTBenchmarkExecutor: Running data_maintenance_dependent phase...
2024-04-18T14:56:23,821  INFO [main] telemetry.SQLTelemetryRegistry: Flushing events to database...
2024-04-18T14:56:23,824  INFO [main] telemetry.SQLTelemetryRegistry: Events flushed to database.
2024-04-18T14:56:23,827  INFO [main] common.LSTBenchmarkExecutor: Phase data_maintenance_dependent finished in 0 seconds.
2024-04-18T14:56:23,828  INFO [main] common.LSTBenchmarkExecutor: Running optimize phase...
2024-04-18T14:56:23,828  INFO [main] telemetry.SQLTelemetryRegistry: Flushing events to database...
2024-04-18T14:56:23,831  INFO [main] telemetry.SQLTelemetryRegistry: Events flushed to database.
2024-04-18T14:56:23,834  INFO [main] common.LSTBenchmarkExecutor: Phase optimize finished in 0 seconds.
2024-04-18T14:56:23,834  INFO [main] common.LSTBenchmarkExecutor: Running optimize_split phase...
2024-04-18T14:56:23,835  INFO [main] telemetry.SQLTelemetryRegistry: Flushing events to database...
2024-04-18T14:56:23,837  INFO [main] telemetry.SQLTelemetryRegistry: Events flushed to database.
2024-04-18T14:56:23,841  INFO [main] common.LSTBenchmarkExecutor: Phase optimize_split finished in 0 seconds.
2024-04-18T14:56:23,843  INFO [main] telemetry.SQLTelemetryRegistry: Flushing events to database...
2024-04-18T14:56:23,846  INFO [main] telemetry.SQLTelemetryRegistry: Events flushed to database.
2024-04-18T14:56:23,849  INFO [main] common.LSTBenchmarkExecutor: Finished repetition 0
2024-04-18T14:56:23,849  INFO [main] common.LSTBenchmarkExecutor: Finished experiment: telemetryTest
]]></system-out>
  </testcase>
  <testcase name="testExperimentRetry" classname="com.microsoft.lst_bench.common.LSTBenchmarkExecutorTest" time="0.031">
    <system-out><![CDATA[2024-04-18T14:56:23,871  INFO [main] telemetry.SQLTelemetryRegistry: Creating new logging tables...
2024-04-18T14:56:23,875  INFO [main] telemetry.SQLTelemetryRegistry: Logging tables created.
2024-04-18T14:56:23,875  INFO [main] common.LSTBenchmarkExecutor: Running experiment: retryTest, start-time: 2024_04_18_12_56_23_875
2024-04-18T14:56:23,875  INFO [main] common.LSTBenchmarkExecutor: Starting repetition: 0
2024-04-18T14:56:23,875  INFO [main] common.LSTBenchmarkExecutor: Running test phase...
2024-04-18T14:56:23,876  INFO [main] telemetry.SQLTelemetryRegistry: Flushing events to database...
2024-04-18T14:56:23,880  INFO [main] telemetry.SQLTelemetryRegistry: Events flushed to database.
2024-04-18T14:56:23,882  INFO [main] common.LSTBenchmarkExecutor: Phase test finished in 0 seconds.
2024-04-18T14:56:23,883  INFO [main] telemetry.SQLTelemetryRegistry: Flushing events to database...
2024-04-18T14:56:23,885  INFO [main] telemetry.SQLTelemetryRegistry: Events flushed to database.
2024-04-18T14:56:23,888  INFO [main] common.LSTBenchmarkExecutor: Finished repetition 0
2024-04-18T14:56:23,888  INFO [main] common.LSTBenchmarkExecutor: Finished experiment: retryTest
]]></system-out>
  </testcase>
  <testcase name="testNoOpSetup" classname="com.microsoft.lst_bench.common.LSTBenchmarkExecutorTest" time="0.013">
    <system-out><![CDATA[2024-04-18T14:56:23,892  INFO [main] telemetry.SQLTelemetryRegistry: Creating new logging tables...
2024-04-18T14:56:23,895  INFO [main] telemetry.SQLTelemetryRegistry: Logging tables created.
2024-04-18T14:56:23,895  INFO [main] common.LSTBenchmarkExecutor: Running experiment: nooptest, start-time: 2024_04_18_12_56_23_895
2024-04-18T14:56:23,895  INFO [main] common.LSTBenchmarkExecutor: Starting repetition: 0
2024-04-18T14:56:23,895  INFO [main] telemetry.SQLTelemetryRegistry: Flushing events to database...
2024-04-18T14:56:23,898  INFO [main] telemetry.SQLTelemetryRegistry: Events flushed to database.
2024-04-18T14:56:23,902  INFO [main] common.LSTBenchmarkExecutor: Finished repetition 0
2024-04-18T14:56:23,902  INFO [main] common.LSTBenchmarkExecutor: Finished experiment: nooptest
]]></system-out>
  </testcase>
</testsuite>