<?xml version="1.0" encoding="UTF-8"?>
<testsuite xmlns:xsi="http://www.w3.org/2001/XMLSchema-instance" xsi:noNamespaceSchemaLocation="https://maven.apache.org/surefire/maven-surefire-plugin/xsd/surefire-test-report-3.0.xsd" version="3.0" name="me.n1ar4.jar.analyzer.test.OpcodeTest" time="0.0" tests="0" errors="0" skipped="0" failures="0">
  <properties>
    <property name="java.specification.version" value="17"/>
    <property name="sun.jnu.encoding" value="UTF-8"/>
    <property name="java.class.path" value="/Users/cathrine/Workspace/thesis/thesis/server/resources/repos/jar-analyzer/jar-analyzer/target/test-classes:/Users/cathrine/Workspace/thesis/thesis/server/resources/repos/jar-analyzer/jar-analyzer/target/classes:/Users/cathrine/.m2/repository/org/springframework/spring-expression/5.3.32/spring-expression-5.3.32.jar:/Users/cathrine/.m2/repository/org/springframework/spring-core/5.3.32/spring-core-5.3.32.jar:/Users/cathrine/.m2/repository/org/springframework/spring-jcl/5.3.32/spring-jcl-5.3.32.jar:/Users/cathrine/.m2/repository/org/dom4j/dom4j/2.1.4/dom4j-2.1.4.jar:/Users/cathrine/.m2/repository/com/beust/jcommander/1.82/jcommander-1.82.jar:/Users/cathrine/.m2/repository/org/ow2/asm/asm/9.7/asm-9.7.jar:/Users/cathrine/.m2/repository/org/ow2/asm/asm-util/9.7/asm-util-9.7.jar:/Users/cathrine/.m2/repository/org/ow2/asm/asm-tree/9.7/asm-tree-9.7.jar:/Users/cathrine/.m2/repository/org/ow2/asm/asm-analysis/9.7/asm-analysis-9.7.jar:/Users/cathrine/.m2/repository/org/ow2/asm/asm-commons/9.7/asm-commons-9.7.jar:/Users/cathrine/.m2/repository/com/formdev/flatlaf/3.4.1/flatlaf-3.4.1.jar:/Users/cathrine/.m2/repository/com/fifesoft/rsyntaxtextarea/3.4.0/rsyntaxtextarea-3.4.0.jar:/Users/cathrine/.m2/repository/org/apache/commons/commons-dbcp2/2.12.0/commons-dbcp2-2.12.0.jar:/Users/cathrine/.m2/repository/org/apache/commons/commons-pool2/2.12.0/commons-pool2-2.12.0.jar:/Users/cathrine/.m2/repository/commons-logging/commons-logging/1.3.0/commons-logging-1.3.0.jar:/Users/cathrine/.m2/repository/jakarta/transaction/jakarta.transaction-api/1.3.3/jakarta.transaction-api-1.3.3.jar:/Users/cathrine/.m2/repository/org/mybatis/mybatis/3.5.16/mybatis-3.5.16.jar:/Users/cathrine/.m2/repository/org/slf4j/slf4j-api/2.0.13/slf4j-api-2.0.13.jar:/Users/cathrine/.m2/repository/org/slf4j/slf4j-simple/2.0.13/slf4j-simple-2.0.13.jar:/Users/cathrine/Workspace/thesis/thesis/server/resources/repos/jar-analyzer/jar-analyzer/lib/tools.jar:/Users/cathrine/.m2/repository/com/intellij/forms_rt/7.0.3/forms_rt-7.0.3.jar:/Users/cathrine/.m2/repository/com/jgoodies/forms/1.1-preview/forms-1.1-preview.jar:/Users/cathrine/.m2/repository/jdom/jdom/1.0/jdom-1.0.jar:"/>
    <property name="java.vm.vendor" value="Homebrew"/>
    <property name="sun.arch.data.model" value="64"/>
    <property name="java.vendor.url" value="https://github.com/Homebrew/homebrew-core/issues"/>
    <property name="os.name" value="Mac OS X"/>
    <property name="java.vm.specification.version" value="17"/>
    <property name="sun.java.launcher" value="SUN_STANDARD"/>
    <property name="user.country" value="NL"/>
    <property name="sun.boot.library.path" value="/opt/homebrew/Cellar/openjdk@17/17.0.10/libexec/openjdk.jdk/Contents/Home/lib"/>
    <property name="sun.java.command" value="/Users/cathrine/Workspace/thesis/thesis/server/resources/repos/jar-analyzer/jar-analyzer/target/surefire/surefirebooter-20240418144843276_3.jar /Users/cathrine/Workspace/thesis/thesis/server/resources/repos/jar-analyzer/jar-analyzer/target/surefire 2024-04-18T14-48-43_228-jvmRun1 surefire-20240418144843276_1tmp surefire_0-20240418144843276_2tmp"/>
    <property name="http.nonProxyHosts" value="local|*.local|169.254/16|*.169.254/16"/>
    <property name="jdk.debug" value="release"/>
    <property name="surefire.test.class.path" value="/Users/cathrine/Workspace/thesis/thesis/server/resources/repos/jar-analyzer/jar-analyzer/target/test-classes:/Users/cathrine/Workspace/thesis/thesis/server/resources/repos/jar-analyzer/jar-analyzer/target/classes:/Users/cathrine/.m2/repository/org/springframework/spring-expression/5.3.32/spring-expression-5.3.32.jar:/Users/cathrine/.m2/repository/org/springframework/spring-core/5.3.32/spring-core-5.3.32.jar:/Users/cathrine/.m2/repository/org/springframework/spring-jcl/5.3.32/spring-jcl-5.3.32.jar:/Users/cathrine/.m2/repository/org/dom4j/dom4j/2.1.4/dom4j-2.1.4.jar:/Users/cathrine/.m2/repository/com/beust/jcommander/1.82/jcommander-1.82.jar:/Users/cathrine/.m2/repository/org/ow2/asm/asm/9.7/asm-9.7.jar:/Users/cathrine/.m2/repository/org/ow2/asm/asm-util/9.7/asm-util-9.7.jar:/Users/cathrine/.m2/repository/org/ow2/asm/asm-tree/9.7/asm-tree-9.7.jar:/Users/cathrine/.m2/repository/org/ow2/asm/asm-analysis/9.7/asm-analysis-9.7.jar:/Users/cathrine/.m2/repository/org/ow2/asm/asm-commons/9.7/asm-commons-9.7.jar:/Users/cathrine/.m2/repository/com/formdev/flatlaf/3.4.1/flatlaf-3.4.1.jar:/Users/cathrine/.m2/repository/com/fifesoft/rsyntaxtextarea/3.4.0/rsyntaxtextarea-3.4.0.jar:/Users/cathrine/.m2/repository/org/apache/commons/commons-dbcp2/2.12.0/commons-dbcp2-2.12.0.jar:/Users/cathrine/.m2/repository/org/apache/commons/commons-pool2/2.12.0/commons-pool2-2.12.0.jar:/Users/cathrine/.m2/repository/commons-logging/commons-logging/1.3.0/commons-logging-1.3.0.jar:/Users/cathrine/.m2/repository/jakarta/transaction/jakarta.transaction-api/1.3.3/jakarta.transaction-api-1.3.3.jar:/Users/cathrine/.m2/repository/org/mybatis/mybatis/3.5.16/mybatis-3.5.16.jar:/Users/cathrine/.m2/repository/org/slf4j/slf4j-api/2.0.13/slf4j-api-2.0.13.jar:/Users/cathrine/.m2/repository/org/slf4j/slf4j-simple/2.0.13/slf4j-simple-2.0.13.jar:/Users/cathrine/Workspace/thesis/thesis/server/resources/repos/jar-analyzer/jar-analyzer/lib/tools.jar:/Users/cathrine/.m2/repository/com/intellij/forms_rt/7.0.3/forms_rt-7.0.3.jar:/Users/cathrine/.m2/repository/com/jgoodies/forms/1.1-preview/forms-1.1-preview.jar:/Users/cathrine/.m2/repository/jdom/jdom/1.0/jdom-1.0.jar:"/>
    <property name="sun.cpu.endian" value="little"/>
    <property name="user.home" value="/Users/cathrine"/>
    <property name="user.language" value="en"/>
    <property name="java.specification.vendor" value="Oracle Corporation"/>
    <property name="java.version.date" value="2024-01-16"/>
    <property name="java.home" value="/opt/homebrew/Cellar/openjdk@17/17.0.10/libexec/openjdk.jdk/Contents/Home"/>
    <property name="file.separator" value="/"/>
    <property name="basedir" value="/Users/cathrine/Workspace/thesis/thesis/server/resources/repos/jar-analyzer/jar-analyzer"/>
    <property name="java.vm.compressedOopsMode" value="Zero based"/>
    <property name="line.separator" value="&#10;"/>
    <property name="java.specification.name" value="Java Platform API Specification"/>
    <property name="java.vm.specification.vendor" value="Oracle Corporation"/>
    <property name="surefire.real.class.path" value="/Users/cathrine/Workspace/thesis/thesis/server/resources/repos/jar-analyzer/jar-analyzer/target/surefire/surefirebooter-20240418144843276_3.jar"/>
    <property name="sun.management.compiler" value="HotSpot 64-Bit Tiered Compilers"/>
    <property name="ftp.nonProxyHosts" value="local|*.local|169.254/16|*.169.254/16"/>
    <property name="java.runtime.version" value="17.0.10+0"/>
    <property name="user.name" value="cathrine"/>
    <property name="path.separator" value=":"/>
    <property name="os.version" value="14.3.1"/>
    <property name="java.runtime.name" value="OpenJDK Runtime Environment"/>
    <property name="file.encoding" value="UTF-8"/>
    <property name="java.vm.name" value="OpenJDK 64-Bit Server VM"/>
    <property name="java.vendor.version" value="Homebrew"/>
    <property name="localRepository" value="/Users/cathrine/.m2/repository"/>
    <property name="java.vendor.url.bug" value="https://github.com/Homebrew/homebrew-core/issues"/>
    <property name="java.io.tmpdir" value="/var/folders/kb/hx0_jgmj4f96ds5lszx08nym0000gn/T/"/>
    <property name="java.version" value="17.0.10"/>
    <property name="user.dir" value="/Users/cathrine/Workspace/thesis/thesis/server/resources/repos/jar-analyzer/jar-analyzer"/>
    <property name="os.arch" value="aarch64"/>
    <property name="java.vm.specification.name" value="Java Virtual Machine Specification"/>
    <property name="native.encoding" value="UTF-8"/>
    <property name="java.library.path" value="/Users/cathrine/Library/Java/Extensions:/Library/Java/Extensions:/Network/Library/Java/Extensions:/System/Library/Java/Extensions:/usr/lib/java:."/>
    <property name="java.vm.info" value="mixed mode, sharing"/>
    <property name="java.vendor" value="Homebrew"/>
    <property name="java.vm.version" value="17.0.10+0"/>
    <property name="sun.io.unicode.encoding" value="UnicodeBig"/>
    <property name="socksNonProxyHosts" value="local|*.local|169.254/16|*.169.254/16"/>
    <property name="java.class.version" value="61.0"/>
  </properties>
</testsuite>